#! /usr/bin/vvp
:ivl_version "10.1 (stable)";
:ivl_delay_selection "TYPICAL";
:vpi_time_precision + 0;
:vpi_module "system";
:vpi_module "vhdl_sys";
:vpi_module "v2005_math";
:vpi_module "va_math";
S_0x562f24500fd0 .scope module, "tri_buf_assignDelays" "tri_buf_assignDelays" 2 1;
 .timescale 0 0;
o0x7f1c94fef018 .functor BUFZ 1, C4<z>; HiZ drive
; Elide local net with no drivers, v0x562f244c7990_0 name=_s0
v0x562f24521130_0 .var "data_in", 0 0;
v0x562f245211f0_0 .var "enable", 0 0;
v0x562f24521290_0 .net "pad", 0 0, L_0x562f24521350;  1 drivers
L_0x562f24521350 .delay 1 (5,5,5) L_0x562f24521350/d;
L_0x562f24521350/d .functor MUXZ 1, o0x7f1c94fef018, v0x562f24521130_0, v0x562f245211f0_0, C4<>;
    .scope S_0x562f24500fd0;
T_0 ;
    %vpi_call 2 8 "$monitor", "Time: %d Enable %b Data: %b, Pad: %b ", $time, v0x562f245211f0_0, v0x562f24521130_0, v0x562f24521290_0 {0 0 0};
    %delay 10, 0;
    %pushi/vec4 0, 0, 1;
    %store/vec4 v0x562f245211f0_0, 0, 1;
    %delay 10, 0;
    %pushi/vec4 1, 0, 1;
    %store/vec4 v0x562f24521130_0, 0, 1;
    %delay 10, 0;
    %pushi/vec4 1, 0, 1;
    %store/vec4 v0x562f245211f0_0, 0, 1;
    %delay 10, 0;
    %pushi/vec4 0, 0, 1;
    %store/vec4 v0x562f24521130_0, 0, 1;
    %delay 10, 0;
    %pushi/vec4 0, 0, 1;
    %store/vec4 v0x562f245211f0_0, 0, 1;
    %end;
    .thread T_0;
# The file index is used to find the file name in the following table.
:file_names 3;
    "N/A";
    "<interactive>";
    "time_assignment.v";
