#! /usr/bin/vvp
:ivl_version "10.1 (stable)";
:ivl_delay_selection "TYPICAL";
:vpi_time_precision - 9;
:vpi_module "system";
:vpi_module "vhdl_sys";
:vpi_module "v2005_math";
:vpi_module "va_math";
S_0x55e5a05bdf70 .scope module, "tb_mac_16" "tb_mac_16" 2 3;
 .timescale -9 -9;
L_0x7f9238072060 .functor BUFT 1, C4<0000000000000000000000>, C4<0>, C4<0>, C4<0>;
v0x55e5a05dec80_0 .net *"_s3", 21 0, L_0x7f9238072060;  1 drivers
v0x55e5a05ded80_0 .var "clk", 0 0;
v0x55e5a05dee40_0 .var "clken", 0 0;
v0x55e5a05def40_0 .var "dataa", 15 0;
v0x55e5a05df030_0 .var "datab", 15 0;
v0x55e5a05df170_0 .net "op", 63 0, L_0x55e5a05ef540;  1 drivers
L_0x55e5a05ef540 .concat [ 42 22 0 0], v0x55e5a05deaf0_0, L_0x7f9238072060;
S_0x55e5a05be0f0 .scope module, "mac1" "mac_16" 2 9, 3 3 0, S_0x55e5a05bdf70;
 .timescale -9 -9;
    .port_info 0 /INPUT 1 "clk"
    .port_info 1 /INPUT 1 "clk_en"
    .port_info 2 /INPUT 16 "dataa"
    .port_info 3 /INPUT 16 "datab"
    .port_info 4 /OUTPUT 42 "out"
L_0x7f9238072018 .functor BUFT 1, C4<00000000000000000000000000000000>, C4<0>, C4<0>, C4<0>;
v0x55e5a05de550_0 .net *"_s3", 31 0, L_0x7f9238072018;  1 drivers
v0x55e5a05de630_0 .net "a", 31 0, v0x55e5a05de3f0_0;  1 drivers
v0x55e5a05de6f0_0 .net "c", 41 0, L_0x55e5a05ef450;  1 drivers
v0x55e5a05de790_0 .net "clk", 0 0, v0x55e5a05ded80_0;  1 drivers
v0x55e5a05de850_0 .net "clk_en", 0 0, v0x55e5a05dee40_0;  1 drivers
v0x55e5a05de960_0 .net "dataa", 15 0, v0x55e5a05def40_0;  1 drivers
v0x55e5a05dea20_0 .net "datab", 15 0, v0x55e5a05df030_0;  1 drivers
v0x55e5a05deaf0_0 .var "out", 41 0;
E_0x55e5a05b1330 .event posedge, v0x55e5a05de790_0;
L_0x55e5a05df2b0 .concat [ 32 32 0 0], v0x55e5a05de3f0_0, L_0x7f9238072018;
L_0x55e5a05ef450 .part L_0x55e5a05df210, 0, 42;
S_0x55e5a05be270 .scope module, "a1" "add_64" 3 15, 4 1 0, S_0x55e5a05be0f0;
 .timescale -9 -9;
    .port_info 0 /INPUT 64 "a"
    .port_info 1 /INPUT 64 "b"
    .port_info 2 /OUTPUT 64 "op"
v0x55e5a05b9840_0 .net "a", 63 0, L_0x55e5a05df2b0;  1 drivers
L_0x7f92380720a8 .functor BUFT 1, C4<0000000000000000000000zzzzzzzzzzzzzzzzzzzzzzzzzzzzzzzzzzzzzzzzzz>, C4<0>, C4<0>, C4<0>;
v0x55e5a05ddc10_0 .net "b", 63 0, L_0x7f92380720a8;  1 drivers
o0x7f92380c8078 .functor BUFZ 1, C4<z>; HiZ drive
v0x55e5a05ddcf0_0 .net "clk", 0 0, o0x7f92380c8078;  0 drivers
v0x55e5a05ddd90_0 .net "op", 63 0, L_0x55e5a05df210;  1 drivers
L_0x55e5a05df210 .arith/sum 64, L_0x55e5a05df2b0, L_0x7f92380720a8;
S_0x55e5a05ddef0 .scope module, "m1" "mult_16_V1" 3 16, 5 1 0, S_0x55e5a05be0f0;
 .timescale -9 -9;
    .port_info 0 /INPUT 16 "a"
    .port_info 1 /INPUT 16 "b"
    .port_info 2 /OUTPUT 32 "op"
v0x55e5a05de150_0 .net "a", 15 0, v0x55e5a05def40_0;  alias, 1 drivers
v0x55e5a05de250_0 .net "b", 15 0, v0x55e5a05df030_0;  alias, 1 drivers
v0x55e5a05de330_0 .var/i "i", 31 0;
v0x55e5a05de3f0_0 .var "op", 31 0;
E_0x55e5a05ad660 .event edge, v0x55e5a05de250_0, v0x55e5a05de150_0;
    .scope S_0x55e5a05ddef0;
T_0 ;
    %wait E_0x55e5a05ad660;
    %pushi/vec4 0, 0, 32;
    %store/vec4 v0x55e5a05de3f0_0, 0, 32;
    %pushi/vec4 0, 0, 32;
    %store/vec4 v0x55e5a05de330_0, 0, 32;
T_0.0 ;
    %load/vec4 v0x55e5a05de330_0;
    %cmpi/s 16, 0, 32;
    %jmp/0xz T_0.1, 5;
    %load/vec4 v0x55e5a05de250_0;
    %load/vec4 v0x55e5a05de330_0;
    %part/s 1;
    %cmpi/e 1, 0, 1;
    %jmp/0xz  T_0.2, 4;
    %load/vec4 v0x55e5a05de3f0_0;
    %load/vec4 v0x55e5a05de150_0;
    %pad/u 32;
    %load/vec4 v0x55e5a05de330_0;
    %ix/vec4 4;
    %shiftl 4;
    %add;
    %store/vec4 v0x55e5a05de3f0_0, 0, 32;
T_0.2 ;
    %load/vec4 v0x55e5a05de330_0;
    %addi 1, 0, 32;
    %store/vec4 v0x55e5a05de330_0, 0, 32;
    %jmp T_0.0;
T_0.1 ;
    %jmp T_0;
    .thread T_0, $push;
    .scope S_0x55e5a05be0f0;
T_1 ;
    %wait E_0x55e5a05b1330;
    %load/vec4 v0x55e5a05de850_0;
    %flag_set/vec4 8;
    %jmp/0xz  T_1.0, 8;
    %load/vec4 v0x55e5a05de6f0_0;
    %assign/vec4 v0x55e5a05deaf0_0, 0;
T_1.0 ;
    %jmp T_1;
    .thread T_1;
    .scope S_0x55e5a05bdf70;
T_2 ;
    %pushi/vec4 0, 0, 1;
    %store/vec4 v0x55e5a05ded80_0, 0, 1;
    %end;
    .thread T_2;
    .scope S_0x55e5a05bdf70;
T_3 ;
    %pushi/vec4 0, 0, 1;
    %store/vec4 v0x55e5a05dee40_0, 0, 1;
    %end;
    .thread T_3;
    .scope S_0x55e5a05bdf70;
T_4 ;
T_4.0 ;
    %delay 10, 0;
    %load/vec4 v0x55e5a05ded80_0;
    %inv;
    %store/vec4 v0x55e5a05ded80_0, 0, 1;
    %jmp T_4.0;
    %end;
    .thread T_4;
    .scope S_0x55e5a05bdf70;
T_5 ;
    %vpi_call 2 18 "$dumpfile", "test1.vcd" {0 0 0};
    %vpi_call 2 19 "$dumpvars", 32'sb00000000000000000000000000000000 {0 0 0};
    %pushi/vec4 1, 0, 1;
    %store/vec4 v0x55e5a05dee40_0, 0, 1;
    %pushi/vec4 10, 0, 16;
    %store/vec4 v0x55e5a05def40_0, 0, 16;
    %pushi/vec4 5, 0, 16;
    %store/vec4 v0x55e5a05df030_0, 0, 16;
    %delay 20, 0;
    %pushi/vec4 7, 0, 16;
    %store/vec4 v0x55e5a05def40_0, 0, 16;
    %pushi/vec4 3, 0, 16;
    %store/vec4 v0x55e5a05df030_0, 0, 16;
    %delay 20, 0;
    %pushi/vec4 95, 0, 16;
    %store/vec4 v0x55e5a05def40_0, 0, 16;
    %pushi/vec4 27, 0, 16;
    %store/vec4 v0x55e5a05df030_0, 0, 16;
    %delay 20, 0;
    %vpi_call 2 30 "$finish" {0 0 0};
    %end;
    .thread T_5;
# The file index is used to find the file name in the following table.
:file_names 6;
    "N/A";
    "<interactive>";
    "tb_mac_16.v";
    "./mac_16.v";
    "./add_64.v";
    "./mult_16_V1.v";
